<?xml version="1.0" encoding="UTF-8"?>
<testsuite xmlns:xsi="http://www.w3.org/2001/XMLSchema-instance" xsi:noNamespaceSchemaLocation="https://maven.apache.org/surefire/maven-surefire-plugin/xsd/surefire-test-report.xsd" name="com.m78.serviceImpl.dataCenter.TenementServiceImplTest" time="21.249" tests="1" errors="0" skipped="0" failures="0">
  <properties>
[...]
</properties>
  <testcase name="getAllTenement" classname="com.m78.serviceImpl.dataCenter.TenementServiceImplTest" time="2.439"/>
</testsuite>